<?xml version="1.0" encoding="UTF-8"?>
<!-- Generated by org.testng.reporters.JUnitReportReporter -->
<testsuite skipped="0" hostname="SachinRoy-Asus" name="com.familytreenow.qa.tests.FamilySearchTest" tests="4" failures="0" timestamp="20 Jul 2018 14:36:44 GMT" time="73.825" errors="0">
  <testcase name="motherSearchTest" time="20.724" classname="com.familytreenow.qa.tests.FamilySearchTest"/>
  <testcase name="motherSearchTest" time="19.445" classname="com.familytreenow.qa.tests.FamilySearchTest"/>
  <testcase name="spouseSearchTest" time="16.199" classname="com.familytreenow.qa.tests.FamilySearchTest"/>
  <testcase name="spouseSearchTest" time="17.457" classname="com.familytreenow.qa.tests.FamilySearchTest"/>
</testsuite> <!-- com.familytreenow.qa.tests.FamilySearchTest -->
