<?xml version="1.0" encoding="UTF-8"?>
<!-- Generated by org.testng.reporters.JUnitReportReporter -->
<testsuite skipped="0" hostname="SachinRoy-Asus" name="com.familytreenow.qa.tests.FamilySearchTest" tests="4" failures="0" timestamp="19 Jul 2018 18:44:25 GMT" time="56.236" errors="0">
  <testcase name="motherSearchTest" time="19.383" classname="com.familytreenow.qa.tests.FamilySearchTest"/>
  <testcase name="motherSearchTest" time="10.716" classname="com.familytreenow.qa.tests.FamilySearchTest"/>
  <testcase name="spouseSearchTest" time="13.924" classname="com.familytreenow.qa.tests.FamilySearchTest"/>
  <testcase name="spouseSearchTest" time="12.213" classname="com.familytreenow.qa.tests.FamilySearchTest"/>
</testsuite> <!-- com.familytreenow.qa.tests.FamilySearchTest -->
